\BOOKMARK [1][-]{section*.1}{\376\377\000I\000n\000t\000r\000o\000d\000u\000c\000t\000i\000o\000n}{}% 1
\BOOKMARK [1][-]{section.1}{\376\377\000L\000i\000m\000i\000t\000s\000\040\000a\000n\000d\000\040\000C\000o\000n\000t\000i\000n\000u\000i\000t\000y\000\040\000\050\0004\000\045\000\040\000-\000\040\0007\000\045\000\051}{}% 2
\BOOKMARK [2][-]{subsection.1.1}{\376\377\000L\000i\000m\000i\000t\000s\000\040\000t\000o\000\040\000I\000n\000f\000i\000n\000i\000t\000y}{section.1}% 3
\BOOKMARK [2][-]{subsection.1.2}{\376\377\000A\000s\000y\000m\000p\000t\000o\000t\000e\000s}{section.1}% 4
\BOOKMARK [2][-]{subsection.1.3}{\376\377\000L\000i\000m\000i\000t\000\040\000P\000r\000o\000p\000e\000r\000t\000i\000e\000s}{section.1}% 5
\BOOKMARK [2][-]{subsection.1.4}{\376\377\000S\000o\000l\000v\000i\000n\000g\000\040\000L\000i\000m\000i\000t\000s}{section.1}% 6
\BOOKMARK [2][-]{subsection.1.5}{\376\377\000C\000o\000n\000t\000i\000n\000u\000i\000t\000y}{section.1}% 7
\BOOKMARK [2][-]{subsection.1.6}{\376\377\000S\000q\000u\000e\000e\000z\000e\000\040\000T\000h\000e\000o\000r\000e\000m}{section.1}% 8
\BOOKMARK [2][-]{subsection.1.7}{\376\377\000I\000n\000t\000e\000r\000m\000e\000d\000i\000a\000t\000e\000\040\000V\000a\000l\000u\000e\000\040\000T\000h\000e\000o\000r\000e\000m}{section.1}% 9
\BOOKMARK [1][-]{section.2}{\376\377\000D\000i\000f\000f\000e\000r\000e\000n\000t\000i\000a\000t\000i\000o\000n\000:\000\040\000D\000e\000f\000i\000n\000i\000t\000i\000o\000n\000\040\000a\000n\000d\000\040\000F\000u\000n\000d\000a\000m\000e\000n\000t\000a\000l\000\040\000P\000r\000o\000p\000e\000r\000t\000i\000e\000s\000\040\000\050\0004\000\045\000\040\000-\000\040\0007\000\045\000\051}{}% 10
\BOOKMARK [2][-]{subsection.2.1}{\376\377\000C\000o\000n\000t\000i\000n\000u\000i\000t\000y\000\040\000a\000n\000d\000\040\000D\000i\000f\000f\000e\000r\000e\000n\000t\000i\000a\000b\000i\000l\000i\000t\000y}{section.2}% 11
\BOOKMARK [2][-]{subsection.2.2}{\376\377\000D\000e\000r\000i\000v\000a\000t\000i\000v\000e\000\040\000a\000s\000\040\000a\000\040\000L\000i\000m\000i\000t}{section.2}% 12
\BOOKMARK [2][-]{subsection.2.3}{\376\377\000D\000i\000f\000f\000e\000r\000e\000n\000t\000i\000a\000t\000i\000o\000n\000\040\000R\000u\000l\000e\000s}{section.2}% 13
\BOOKMARK [3][-]{subsubsection.2.3.1}{\376\377\000D\000e\000r\000i\000v\000a\000t\000i\000v\000e\000\040\000o\000f\000\040\000a\000\040\000c\000o\000n\000s\000t\000a\000n\000t}{subsection.2.3}% 14
\BOOKMARK [3][-]{subsubsection.2.3.2}{\376\377\000C\000o\000n\000s\000t\000a\000n\000t\000s\000\040\000i\000n\000\040\000a\000\040\000f\000u\000n\000c\000t\000i\000o\000n}{subsection.2.3}% 15
\BOOKMARK [3][-]{subsubsection.2.3.3}{\376\377\000S\000u\000m\000\040\000r\000u\000l\000e}{subsection.2.3}% 16
\BOOKMARK [3][-]{subsubsection.2.3.4}{\376\377\000P\000o\000w\000e\000r\000\040\000R\000u\000l\000e}{subsection.2.3}% 17
\BOOKMARK [3][-]{subsubsection.2.3.5}{\376\377\000P\000r\000o\000d\000u\000c\000t\000\040\000R\000u\000l\000e}{subsection.2.3}% 18
\BOOKMARK [3][-]{subsubsection.2.3.6}{\376\377\000Q\000u\000o\000t\000i\000e\000n\000t\000\040\000R\000u\000l\000e}{subsection.2.3}% 19
\BOOKMARK [3][-]{subsubsection.2.3.7}{\376\377\000C\000h\000a\000i\000n\000\040\000R\000u\000l\000e}{subsection.2.3}% 20
\BOOKMARK [2][-]{subsection.2.4}{\376\377\000E\000x\000p\000o\000n\000e\000n\000t\000i\000a\000l\000\040\000F\000u\000n\000c\000t\000i\000o\000n\000s}{section.2}% 21
\BOOKMARK [2][-]{subsection.2.5}{\376\377\000L\000o\000g\000a\000r\000i\000t\000h\000m\000i\000c\000\040\000F\000u\000n\000c\000t\000i\000o\000n\000s}{section.2}% 22
\BOOKMARK [2][-]{subsection.2.6}{\376\377\000T\000r\000i\000g\000o\000n\000o\000m\000e\000t\000r\000i\000c\000\040\000F\000u\000n\000c\000t\000i\000o\000n\000s}{section.2}% 23
\BOOKMARK [1][-]{section.3}{\376\377\000D\000i\000f\000f\000e\000r\000e\000n\000t\000i\000a\000t\000i\000o\000n\000:\000\040\000C\000o\000m\000p\000o\000s\000i\000t\000e\000,\000\040\000I\000m\000p\000l\000i\000c\000i\000t\000,\000\040\000a\000n\000d\000\040\000I\000n\000v\000e\000r\000s\000e\000\040\000F\000u\000n\000c\000t\000i\000o\000n\000s\000\040\000\050\0004\000\045\000\040\000-\000\040\0007\000\045\000\051}{}% 24
\BOOKMARK [2][-]{subsection.3.1}{\376\377\000I\000m\000p\000l\000i\000c\000i\000t\000\040\000D\000i\000f\000f\000e\000r\000e\000n\000t\000i\000a\000t\000i\000o\000n}{section.3}% 25
\BOOKMARK [2][-]{subsection.3.2}{\376\377\000I\000n\000v\000e\000r\000s\000e\000\040\000F\000u\000n\000c\000t\000i\000o\000n\000s}{section.3}% 26
\BOOKMARK [2][-]{subsection.3.3}{\376\377\000I\000n\000v\000e\000r\000s\000e\000\040\000T\000r\000i\000g\000o\000n\000o\000m\000e\000t\000r\000i\000c\000\040\000F\000u\000n\000c\000t\000i\000o\000n\000s}{section.3}% 27
\BOOKMARK [2][-]{subsection.3.4}{\376\377\000H\000i\000g\000h\000e\000r\000\040\000O\000r\000d\000e\000r\000\040\000D\000e\000r\000i\000v\000a\000t\000i\000v\000e\000s}{section.3}% 28
\BOOKMARK [1][-]{section.4}{\376\377\000C\000o\000n\000t\000e\000x\000t\000u\000a\000l\000\040\000A\000p\000p\000l\000i\000c\000a\000t\000i\000o\000n\000s\000\040\000o\000f\000\040\000D\000i\000f\000f\000e\000r\000e\000n\000t\000i\000a\000t\000i\000o\000n\000\040\000\050\0006\000\045\000\040\000-\000\040\0009\000\045\000\051}{}% 29
\BOOKMARK [2][-]{subsection.4.1}{\376\377\000S\000t\000r\000a\000i\000g\000h\000t\000-\000l\000i\000n\000e\000\040\000m\000o\000t\000i\000o\000n\000:\000\040\000p\000o\000s\000i\000t\000i\000o\000n\000,\000\040\000v\000e\000l\000o\000c\000i\000t\000y\000,\000\040\000a\000n\000d\000\040\000a\000c\000c\000e\000l\000e\000r\000a\000t\000i\000o\000n}{section.4}% 30
\BOOKMARK [2][-]{subsection.4.2}{\376\377\000R\000e\000l\000a\000t\000e\000d\000\040\000R\000a\000t\000e\000s}{section.4}% 31
\BOOKMARK [2][-]{subsection.4.3}{\376\377\000L\000o\000c\000a\000l\000\040\000L\000i\000n\000e\000a\000r\000i\000t\000y\000\040\000a\000n\000d\000\040\000A\000p\000p\000r\000o\000x\000i\000m\000a\000t\000i\000o\000n}{section.4}% 32
\BOOKMARK [2][-]{subsection.4.4}{\376\377\000L\000'\000H\000\364\000p\000i\000t\000a\000l\000'\000s\000\040\000R\000u\000l\000e}{section.4}% 33
\BOOKMARK [1][-]{section.5}{\376\377\000A\000n\000a\000l\000y\000t\000i\000c\000a\000l\000\040\000A\000p\000p\000l\000i\000c\000a\000t\000i\000o\000n\000s\000\040\000o\000f\000\040\000D\000i\000f\000f\000e\000r\000e\000n\000t\000i\000a\000t\000i\000o\000n}{}% 34
\BOOKMARK [2][-]{subsection.5.1}{\376\377\000M\000e\000a\000n\000\040\000V\000a\000l\000u\000e\000\040\000T\000h\000e\000o\000r\000e\000m}{section.5}% 35
\BOOKMARK [2][-]{subsection.5.2}{\376\377\000E\000x\000t\000r\000e\000m\000e\000\040\000V\000a\000l\000u\000e\000\040\000T\000h\000e\000o\000r\000e\000m}{section.5}% 36
\BOOKMARK [2][-]{subsection.5.3}{\376\377\000F\000i\000r\000s\000t\000\040\000D\000e\000r\000i\000v\000a\000t\000i\000v\000e\000\040\000T\000e\000s\000t\000,\000\040\000S\000e\000c\000o\000n\000d\000\040\000D\000e\000r\000i\000v\000a\000t\000i\000v\000e\000\040\000T\000e\000s\000t\000,\000\040\000a\000n\000d\000\040\000C\000a\000n\000d\000i\000d\000a\000t\000e\000s\000\040\000T\000e\000s\000t}{section.5}% 37
\BOOKMARK [3][-]{subsubsection.5.3.1}{\376\377\000R\000e\000l\000a\000t\000i\000v\000e\000\040\000\050\000L\000o\000c\000a\000l\000\051\000\040\000E\000x\000t\000r\000e\000m\000a}{subsection.5.3}% 38
\BOOKMARK [3][-]{subsubsection.5.3.2}{\376\377\000A\000b\000s\000o\000l\000u\000t\000e\000\040\000\050\000G\000l\000o\000b\000a\000l\000\051\000\040\000E\000x\000t\000r\000e\000m\000a}{subsection.5.3}% 39
\BOOKMARK [3][-]{subsubsection.5.3.3}{\376\377\000C\000o\000n\000c\000a\000v\000i\000t\000y\000\040\000a\000n\000d\000\040\000P\000o\000i\000n\000t\000s\000\040\000o\000f\000\040\000I\000n\000f\000l\000e\000c\000t\000i\000o\000n}{subsection.5.3}% 40
\BOOKMARK [2][-]{subsection.5.4}{\376\377\000S\000k\000e\000t\000c\000h\000i\000n\000g\000\040\000G\000r\000a\000p\000h\000s\000\040\000a\000n\000d\000\040\000D\000e\000r\000i\000v\000a\000t\000i\000v\000e\000s\000\040\000o\000f\000\040\000F\000u\000n\000c\000t\000i\000o\000n\000s}{section.5}% 41
\BOOKMARK [2][-]{subsection.5.5}{\376\377\000S\000o\000l\000v\000i\000n\000g\000\040\000O\000p\000t\000i\000m\000i\000z\000a\000t\000i\000o\000n\000\040\000P\000r\000o\000b\000l\000e\000m\000s}{section.5}% 42
\BOOKMARK [2][-]{subsection.5.6}{\376\377\000B\000e\000h\000a\000v\000i\000o\000r\000s\000\040\000o\000f\000\040\000I\000m\000p\000l\000i\000c\000i\000t\000\040\000R\000e\000l\000a\000t\000i\000o\000n\000s}{section.5}% 43
\BOOKMARK [1][-]{section.6}{\376\377\000I\000n\000t\000e\000g\000r\000a\000t\000i\000o\000n\000\040\000a\000n\000d\000\040\000A\000c\000c\000u\000m\000u\000l\000a\000t\000i\000o\000n\000\040\000o\000f\000\040\000C\000h\000a\000n\000g\000e\000\040\000\050\0001\0007\000\045\000\040\000-\000\040\0002\0000\000\045\000\051}{}% 44
\BOOKMARK [2][-]{subsection.6.1}{\376\377\000R\000i\000e\000m\000a\000n\000n\000\040\000S\000u\000m\000s}{section.6}% 45
\BOOKMARK [3][-]{subsubsection.6.1.1}{\376\377\000T\000y\000p\000e\000s\000\040\000o\000f\000\040\000R\000i\000e\000m\000a\000n\000n\000\040\000S\000u\000m\000s}{subsection.6.1}% 46
\BOOKMARK [3][-]{subsubsection.6.1.2}{\376\377\000R\000i\000e\000m\000a\000n\000n\000\040\000S\000u\000m\000s\000\040\000i\000n\000\040\000S\000u\000m\000m\000a\000t\000i\000o\000n\000\040\000N\000o\000t\000a\000t\000i\000o\000n}{subsection.6.1}% 47
\BOOKMARK [2][-]{subsection.6.2}{\376\377\000D\000e\000f\000i\000n\000i\000t\000e\000\040\000I\000n\000t\000e\000g\000r\000a\000l\000s}{section.6}% 48
\BOOKMARK [2][-]{subsection.6.3}{\376\377\000T\000h\000e\000\040\000F\000u\000n\000d\000a\000m\000e\000n\000t\000a\000l\000\040\000T\000h\000e\000o\000r\000e\000m\000\040\000o\000f\000\040\000C\000a\000l\000c\000u\000l\000u\000s}{section.6}% 49
\BOOKMARK [2][-]{subsection.6.4}{\376\377\000A\000n\000t\000i\000d\000e\000r\000i\000v\000a\000t\000i\000v\000e\000s}{section.6}% 50
\BOOKMARK [3][-]{subsubsection.6.4.1}{\376\377\000B\000a\000s\000i\000c\000\040\000R\000u\000l\000e\000s}{subsection.6.4}% 51
\BOOKMARK [3][-]{subsubsection.6.4.2}{\376\377\000u\000-\000s\000u\000b\000s\000t\000i\000t\000u\000t\000i\000o\000n}{subsection.6.4}% 52
\BOOKMARK [2][-]{subsection.6.5}{\376\377\000S\000o\000l\000v\000i\000n\000g\000\040\000D\000e\000f\000i\000n\000i\000t\000e\000\040\000I\000n\000t\000e\000g\000r\000a\000l\000s}{section.6}% 53
\BOOKMARK [2][-]{subsection.6.6}{\376\377\000S\000o\000l\000v\000i\000n\000g\000\040\000I\000n\000d\000e\000f\000i\000n\000i\000t\000e\000\040\000I\000n\000t\000e\000g\000r\000a\000l\000s}{section.6}% 54
\BOOKMARK [2][-]{subsection.6.7}{\376\377\000I\000n\000t\000e\000g\000r\000a\000t\000i\000o\000n\000\040\000T\000e\000c\000h\000n\000i\000q\000u\000e\000s}{section.6}% 55
\BOOKMARK [2][-]{subsection.6.8}{\376\377\000I\000m\000p\000r\000o\000p\000e\000r\000\040\000I\000n\000t\000e\000g\000r\000a\000l\000s}{section.6}% 56
\BOOKMARK [1][-]{section.7}{\376\377\000D\000i\000f\000f\000e\000r\000e\000n\000t\000i\000a\000l\000\040\000E\000q\000u\000a\000t\000i\000o\000n\000s\000\040\000\050\0006\000\045\000\040\000-\000\040\0009\000\045\000\051}{}% 57
\BOOKMARK [1][-]{section.8}{\376\377\000A\000p\000p\000l\000i\000c\000a\000t\000i\000o\000n\000s\000\040\000o\000f\000\040\000I\000n\000t\000e\000g\000r\000a\000t\000i\000o\000n\000\040\000\050\0006\000\045\000\040\000-\000\040\0009\000\045\000\051}{}% 58
\BOOKMARK [1][-]{section.9}{\376\377\000P\000a\000r\000a\000m\000e\000t\000r\000i\000c\000\040\000E\000q\000u\000a\000t\000i\000o\000n\000s\000,\000\040\000P\000o\000l\000a\000r\000\040\000C\000o\000o\000r\000d\000i\000n\000a\000t\000e\000s\000,\000\040\000a\000n\000d\000\040\000V\000e\000c\000t\000o\000r\000-\000V\000a\000l\000u\000e\000d\000\040\000F\000u\000n\000c\000t\000i\000o\000n\000s\000\040\000\050\0001\0001\000\045\000\040\000-\000\040\0001\0002\000\045\000\051}{}% 59
\BOOKMARK [1][-]{section.10}{\376\377\000I\000n\000f\000i\000n\000i\000t\000e\000\040\000S\000e\000q\000u\000e\000n\000c\000e\000s\000\040\000a\000n\000d\000\040\000S\000e\000r\000i\000e\000s\000\040\000\050\0001\0007\000\045\000\040\000-\000\040\0001\0008\000\045\000\051}{}% 60
